<?xml version="1.0" encoding="UTF-8"?>
<!-- Generated by org.testng.reporters.JUnitXMLReporter -->
<testsuite hostname="LAPTOP-4PCTMNT8" ignored="4" name="Test" tests="4" failures="0" timestamp="21 Apr 2023 08:17:54 GMT" time="0.069" errors="0">
  <testcase name="test4" time="0.006" classname="testcases.CreditCard"/>
  <testcase name="test3" time="0.001" classname="testcases.CarLoanTest"/>
  <testcase name="test1" time="0.001" classname="testcases.HomeLoanTest"/>
  <testcase name="test2" time="0.001" classname="testcases.HomeLoanTest"/>
  <testcase name="@BeforeTest method3" time="0.0" classname="testcases.BaseClass">
    <ignored/>
  </testcase> <!-- @BeforeTest method3 -->
  <testcase name="@BeforeTest method3" time="0.0" classname="testcases.BaseClass">
    <ignored/>
  </testcase> <!-- @BeforeTest method3 -->
  <testcase name="@AfterTest method4" time="0.0" classname="testcases.BaseClass">
    <ignored/>
  </testcase> <!-- @AfterTest method4 -->
  <testcase name="@AfterTest method4" time="0.0" classname="testcases.BaseClass">
    <ignored/>
  </testcase> <!-- @AfterTest method4 -->
</testsuite> <!-- Test -->
