<?xml version="1.0" encoding="UTF-8"?>
<testng-results skipped="0" failed="0" ignored="5" total="8" passed="3">
  <reporter-output>
  </reporter-output>
  <suite name="sanity" duration-ms="35" started-at="2023-04-29T06:15:56Z" finished-at="2023-04-29T06:15:56Z">
    <groups>
      <group name="regression">
        <method signature="HomeLoanTest.test2()[pri:0, instance:testcases.HomeLoanTest@71a794e5]" name="test2" class="testcases.HomeLoanTest"/>
      </group> <!-- regression -->
      <group name="sanity">
        <method signature="CreditCard.test4()[pri:0, instance:testcases.CreditCard@62fdb4a6]" name="test4" class="testcases.CreditCard"/>
        <method signature="HomeLoanTest.test2()[pri:0, instance:testcases.HomeLoanTest@71a794e5]" name="test2" class="testcases.HomeLoanTest"/>
        <method signature="HomeLoanTest.test1()[pri:0, instance:testcases.HomeLoanTest@71a794e5]" name="test1" class="testcases.HomeLoanTest"/>
      </group> <!-- sanity -->
    </groups>
    <test name="Test" duration-ms="35" started-at="2023-04-29T06:15:56Z" finished-at="2023-04-29T06:15:56Z">
      <class name="testcases.HomeLoanTest">
        <test-method status="PASS" signature="method3()[pri:0, instance:testcases.HomeLoanTest@71a794e5]" name="method3" is-config="true" duration-ms="0" started-at="2023-04-29T06:15:56Z" finished-at="2023-04-29T06:15:56Z">
          <reporter-output>
          </reporter-output>
        </test-method> <!-- method3 -->
        <test-method status="PASS" signature="method1()[pri:0, instance:testcases.HomeLoanTest@71a794e5]" name="method1" is-config="true" duration-ms="0" started-at="2023-04-29T06:15:56Z" finished-at="2023-04-29T06:15:56Z">
          <reporter-output>
          </reporter-output>
        </test-method> <!-- method1 -->
        <test-method status="PASS" signature="test2()[pri:0, instance:testcases.HomeLoanTest@71a794e5]" name="test2" duration-ms="5" started-at="2023-04-29T06:15:56Z" finished-at="2023-04-29T06:15:56Z">
          <reporter-output>
          </reporter-output>
        </test-method> <!-- test2 -->
        <test-method status="PASS" signature="method2()[pri:0, instance:testcases.HomeLoanTest@71a794e5]" name="method2" is-config="true" duration-ms="0" started-at="2023-04-29T06:15:56Z" finished-at="2023-04-29T06:15:56Z">
          <reporter-output>
          </reporter-output>
        </test-method> <!-- method2 -->
        <test-method status="PASS" signature="method1()[pri:0, instance:testcases.HomeLoanTest@71a794e5]" name="method1" is-config="true" duration-ms="1" started-at="2023-04-29T06:15:56Z" finished-at="2023-04-29T06:15:56Z">
          <reporter-output>
          </reporter-output>
        </test-method> <!-- method1 -->
        <test-method status="PASS" signature="test1()[pri:0, instance:testcases.HomeLoanTest@71a794e5]" name="test1" duration-ms="0" started-at="2023-04-29T06:15:56Z" depends-on-methods="testcases.HomeLoanTest.test2" finished-at="2023-04-29T06:15:56Z">
          <reporter-output>
          </reporter-output>
        </test-method> <!-- test1 -->
        <test-method status="PASS" signature="method4()[pri:0, instance:testcases.HomeLoanTest@71a794e5]" name="method4" is-config="true" duration-ms="0" started-at="2023-04-29T06:15:56Z" finished-at="2023-04-29T06:15:56Z">
          <reporter-output>
          </reporter-output>
        </test-method> <!-- method4 -->
        <test-method status="PASS" signature="method2()[pri:0, instance:testcases.HomeLoanTest@71a794e5]" name="method2" is-config="true" duration-ms="0" started-at="2023-04-29T06:15:56Z" finished-at="2023-04-29T06:15:56Z">
          <reporter-output>
          </reporter-output>
        </test-method> <!-- method2 -->
      </class> <!-- testcases.HomeLoanTest -->
      <class name="testcases.CreditCard">
        <test-method status="PASS" signature="method1()[pri:0, instance:testcases.CreditCard@62fdb4a6]" name="method1" is-config="true" duration-ms="3" started-at="2023-04-29T06:15:56Z" finished-at="2023-04-29T06:15:56Z">
          <reporter-output>
          </reporter-output>
        </test-method> <!-- method1 -->
        <test-method status="PASS" signature="test4()[pri:0, instance:testcases.CreditCard@62fdb4a6]" name="test4" duration-ms="0" started-at="2023-04-29T06:15:56Z" finished-at="2023-04-29T06:15:56Z">
          <reporter-output>
          </reporter-output>
        </test-method> <!-- test4 -->
        <test-method status="PASS" signature="method2()[pri:0, instance:testcases.CreditCard@62fdb4a6]" name="method2" is-config="true" duration-ms="0" started-at="2023-04-29T06:15:56Z" finished-at="2023-04-29T06:15:56Z">
          <reporter-output>
          </reporter-output>
        </test-method> <!-- method2 -->
      </class> <!-- testcases.CreditCard -->
    </test> <!-- Test -->
  </suite> <!-- sanity -->
</testng-results>
