<?xml version="1.0" encoding="UTF-8"?>
<!-- Generated by org.testng.reporters.JUnitXMLReporter -->
<testsuite hostname="LAPTOP-4PCTMNT8" ignored="5" name="Test" tests="3" failures="0" timestamp="29 Apr 2023 05:14:27 GMT" time="0.161" errors="0">
  <testcase name="test2" time="0.014" classname="testcases.HomeLoanTest"/>
  <testcase name="test4" time="0.003" classname="testcases.CreditCard"/>
  <testcase name="test1" time="0.003" classname="testcases.HomeLoanTest"/>
  <testcase name="@BeforeTest method3" time="0.0" classname="testcases.BaseClass">
    <ignored/>
  </testcase> <!-- @BeforeTest method3 -->
  <testcase name="@BeforeTest method3" time="0.0" classname="testcases.BaseClass">
    <ignored/>
  </testcase> <!-- @BeforeTest method3 -->
  <testcase name="@AfterTest method4" time="0.0" classname="testcases.BaseClass">
    <ignored/>
  </testcase> <!-- @AfterTest method4 -->
  <testcase name="@AfterTest method4" time="0.0" classname="testcases.BaseClass">
    <ignored/>
  </testcase> <!-- @AfterTest method4 -->
  <testcase name="test3" time="0.0" classname="testcases.CarLoanTest">
    <ignored/>
  </testcase> <!-- test3 -->
</testsuite> <!-- Test -->
